2023-04-03 13:57:55,546 INFO com.example.spring.jwt.mongodb.SpringBootSecurityJwtMongodbApplication [main] Starting SpringBootSecurityJwtMongodbApplication using Java 17.0.6 on wks-012 with PID 25602 (/home/inferyx/git/SpringApplicationWithSecurity/data/target/classes started by inferyx in /home/inferyx/git/SpringApplicationWithSecurity/data)
2023-04-03 13:57:55,882 INFO com.example.spring.jwt.mongodb.SpringBootSecurityJwtMongodbApplication [main] No active profile set, falling back to 1 default profile: "default"
2023-04-03 13:58:09,466 INFO org.apache.catalina.core.StandardService [main] Starting service [Tomcat]
2023-04-03 13:58:09,467 INFO org.apache.catalina.core.StandardEngine [main] Starting Servlet engine: [Apache Tomcat/9.0.65]
2023-04-03 13:58:10,197 INFO org.apache.catalina.core.ContainerBase.[Tomcat].[localhost].[/] [main] Initializing Spring embedded WebApplicationContext
2023-04-03 13:58:10,581 INFO org.mongodb.driver.client [main] MongoClient with metadata {"driver": {"name": "mongo-java-driver|sync|spring-boot", "version": "4.6.1"}, "os": {"type": "Linux", "name": "Linux", "architecture": "amd64", "version": "5.15.0-69-generic"}, "platform": "Java/Eclipse Adoptium/17.0.6+10"} created with settings MongoClientSettings{readPreference=primary, writeConcern=WriteConcern{w=null, wTimeout=null ms, journal=null}, retryWrites=true, retryReads=true, readConcern=ReadConcern{level=null}, credential=null, streamFactoryFactory=null, commandListeners=[], codecRegistry=ProvidersCodecRegistry{codecProviders=[ValueCodecProvider{}, BsonValueCodecProvider{}, DBRefCodecProvider{}, DBObjectCodecProvider{}, DocumentCodecProvider{}, IterableCodecProvider{}, MapCodecProvider{}, GeoJsonCodecProvider{}, GridFSFileCodecProvider{}, Jsr310CodecProvider{}, JsonObjectCodecProvider{}, BsonCodecProvider{}, EnumCodecProvider{}, com.mongodb.Jep395RecordCodecProvider@5382184b]}, clusterSettings={hosts=[localhost:27017], srvServiceName=mongodb, mode=SINGLE, requiredClusterType=UNKNOWN, requiredReplicaSetName='null', serverSelector='null', clusterListeners='[]', serverSelectionTimeout='30000 ms', localThreshold='30000 ms'}, socketSettings=SocketSettings{connectTimeoutMS=10000, readTimeoutMS=0, receiveBufferSize=0, sendBufferSize=0}, heartbeatSocketSettings=SocketSettings{connectTimeoutMS=10000, readTimeoutMS=10000, receiveBufferSize=0, sendBufferSize=0}, connectionPoolSettings=ConnectionPoolSettings{maxSize=100, minSize=0, maxWaitTimeMS=120000, maxConnectionLifeTimeMS=0, maxConnectionIdleTimeMS=0, maintenanceInitialDelayMS=0, maintenanceFrequencyMS=60000, connectionPoolListeners=[], maxConnecting=2}, serverSettings=ServerSettings{heartbeatFrequencyMS=10000, minHeartbeatFrequencyMS=500, serverListeners='[]', serverMonitorListeners='[]'}, sslSettings=SslSettings{enabled=false, invalidHostNameAllowed=false, context=null}, applicationName='null', compressorList=[], uuidRepresentation=JAVA_LEGACY, serverApi=null, autoEncryptionSettings=null, contextProvider=null}
2023-04-03 13:58:11,680 INFO org.mongodb.driver.connection [cluster-rtt-ClusterId{value='642a8e1aff4a412664929b91', description='null'}-localhost:27017] Opened connection [connectionId{localValue:1, serverValue:156}] to localhost:27017
2023-04-03 13:58:11,680 INFO org.mongodb.driver.connection [cluster-ClusterId{value='642a8e1aff4a412664929b91', description='null'}-localhost:27017] Opened connection [connectionId{localValue:2, serverValue:155}] to localhost:27017
2023-04-03 13:58:11,681 INFO org.mongodb.driver.cluster [cluster-ClusterId{value='642a8e1aff4a412664929b91', description='null'}-localhost:27017] Monitor thread successfully connected to server with description ServerDescription{address=localhost:27017, type=STANDALONE, state=CONNECTED, ok=true, minWireVersion=0, maxWireVersion=6, maxDocumentSize=16777216, logicalSessionTimeoutMinutes=30, roundTripTimeNanos=939355538}
2023-04-03 13:58:18,225 INFO com.example.spring.jwt.mongodb.SpringBootSecurityJwtMongodbApplication [main] Started SpringBootSecurityJwtMongodbApplication in 28.036 seconds (JVM running for 32.738)
2023-04-03 13:58:18,396 INFO com.example.spring.jwt.mongodb.SpringBootSecurityJwtMongodbApplication [main] This is a info message
2023-04-03 13:58:18,397 WARN com.example.spring.jwt.mongodb.SpringBootSecurityJwtMongodbApplication [main] This is a warn message
2023-04-03 13:58:33,829 INFO org.mongodb.driver.cluster [cluster-ClusterId{value='642a8e1aff4a412664929b91', description='null'}-localhost:27017] Exception in monitor thread while connecting to server localhost:27017
com.mongodb.MongoSocketReadTimeoutException: Timeout while receiving message
	at com.mongodb.internal.connection.InternalStreamConnection.translateReadException(InternalStreamConnection.java:696)
	at com.mongodb.internal.connection.InternalStreamConnection.receiveMessageWithAdditionalTimeout(InternalStreamConnection.java:574)
	at com.mongodb.internal.connection.InternalStreamConnection.receiveCommandMessageResponse(InternalStreamConnection.java:410)
	at com.mongodb.internal.connection.InternalStreamConnection.receive(InternalStreamConnection.java:358)
	at com.mongodb.internal.connection.DefaultServerMonitor$ServerMonitorRunnable.lookupServerDescription(DefaultServerMonitor.java:224)
	at com.mongodb.internal.connection.DefaultServerMonitor$ServerMonitorRunnable.run(DefaultServerMonitor.java:157)
	at java.base/java.lang.Thread.run(Thread.java:833)
Caused by: java.net.SocketTimeoutException: Read timed out
	at java.base/sun.nio.ch.NioSocketImpl.timedRead(NioSocketImpl.java:283)
	at java.base/sun.nio.ch.NioSocketImpl.implRead(NioSocketImpl.java:309)
	at java.base/sun.nio.ch.NioSocketImpl.read(NioSocketImpl.java:350)
	at java.base/sun.nio.ch.NioSocketImpl$1.read(NioSocketImpl.java:803)
	at java.base/java.net.Socket$SocketInputStream.read(Socket.java:966)
	at com.mongodb.internal.connection.SocketStream.read(SocketStream.java:110)
	at com.mongodb.internal.connection.SocketStream.read(SocketStream.java:135)
	at com.mongodb.internal.connection.InternalStreamConnection.receiveResponseBuffers(InternalStreamConnection.java:713)
	at com.mongodb.internal.connection.InternalStreamConnection.receiveMessageWithAdditionalTimeout(InternalStreamConnection.java:571)
	... 5 common frames omitted
2023-04-03 13:58:40,497 INFO org.mongodb.driver.connection [cluster-ClusterId{value='642a8e1aff4a412664929b91', description='null'}-localhost:27017] Opened connection [connectionId{localValue:3, serverValue:157}] to localhost:27017
2023-04-03 13:58:40,497 INFO org.mongodb.driver.cluster [cluster-ClusterId{value='642a8e1aff4a412664929b91', description='null'}-localhost:27017] Monitor thread successfully connected to server with description ServerDescription{address=localhost:27017, type=STANDALONE, state=CONNECTED, ok=true, minWireVersion=0, maxWireVersion=6, maxDocumentSize=16777216, logicalSessionTimeoutMinutes=30, roundTripTimeNanos=4358979279}
2023-04-03 13:58:42,114 INFO org.mongodb.driver.connection [cluster-rtt-ClusterId{value='642a8e1aff4a412664929b91', description='null'}-localhost:27017] Opened connection [connectionId{localValue:4, serverValue:158}] to localhost:27017
2023-04-03 13:59:38,863 INFO org.mongodb.driver.cluster [cluster-ClusterId{value='642a8e1aff4a412664929b91', description='null'}-localhost:27017] Exception in monitor thread while connecting to server localhost:27017
com.mongodb.MongoSocketReadTimeoutException: Timeout while receiving message
	at com.mongodb.internal.connection.InternalStreamConnection.translateReadException(InternalStreamConnection.java:696)
	at com.mongodb.internal.connection.InternalStreamConnection.receiveMessageWithAdditionalTimeout(InternalStreamConnection.java:574)
	at com.mongodb.internal.connection.InternalStreamConnection.receiveCommandMessageResponse(InternalStreamConnection.java:410)
	at com.mongodb.internal.connection.InternalStreamConnection.receive(InternalStreamConnection.java:358)
	at com.mongodb.internal.connection.DefaultServerMonitor$ServerMonitorRunnable.lookupServerDescription(DefaultServerMonitor.java:224)
	at com.mongodb.internal.connection.DefaultServerMonitor$ServerMonitorRunnable.run(DefaultServerMonitor.java:157)
	at java.base/java.lang.Thread.run(Thread.java:833)
Caused by: java.net.SocketTimeoutException: Read timed out
	at java.base/sun.nio.ch.NioSocketImpl.timedRead(NioSocketImpl.java:283)
	at java.base/sun.nio.ch.NioSocketImpl.implRead(NioSocketImpl.java:309)
	at java.base/sun.nio.ch.NioSocketImpl.read(NioSocketImpl.java:350)
	at java.base/sun.nio.ch.NioSocketImpl$1.read(NioSocketImpl.java:803)
	at java.base/java.net.Socket$SocketInputStream.read(Socket.java:966)
	at com.mongodb.internal.connection.SocketStream.read(SocketStream.java:110)
	at com.mongodb.internal.connection.SocketStream.read(SocketStream.java:135)
	at com.mongodb.internal.connection.InternalStreamConnection.receiveResponseBuffers(InternalStreamConnection.java:713)
	at com.mongodb.internal.connection.InternalStreamConnection.receiveMessageWithAdditionalTimeout(InternalStreamConnection.java:571)
	... 5 common frames omitted
2023-04-03 13:59:47,186 INFO org.mongodb.driver.connection [cluster-ClusterId{value='642a8e1aff4a412664929b91', description='null'}-localhost:27017] Opened connection [connectionId{localValue:5, serverValue:159}] to localhost:27017
2023-04-03 13:59:47,187 INFO org.mongodb.driver.cluster [cluster-ClusterId{value='642a8e1aff4a412664929b91', description='null'}-localhost:27017] Monitor thread successfully connected to server with description ServerDescription{address=localhost:27017, type=STANDALONE, state=CONNECTED, ok=true, minWireVersion=0, maxWireVersion=6, maxDocumentSize=16777216, logicalSessionTimeoutMinutes=30, roundTripTimeNanos=4836740013}
2023-04-03 13:59:49,090 INFO org.mongodb.driver.connection [cluster-rtt-ClusterId{value='642a8e1aff4a412664929b91', description='null'}-localhost:27017] Opened connection [connectionId{localValue:6, serverValue:160}] to localhost:27017
2023-04-03 14:06:10,090 INFO org.apache.catalina.core.ContainerBase.[Tomcat].[localhost].[/] [http-nio-8080-exec-1] Initializing Spring DispatcherServlet 'dispatcherServlet'
2023-04-03 14:06:10,560 ERROR com.example.spring.jwt.mongodb.security.jwt.AuthEntryPointJwt [http-nio-8080-exec-1] Unauthorized error: Full authentication is required to access this resource
2023-04-03 14:06:18,755 ERROR com.example.spring.jwt.mongodb.security.jwt.AuthEntryPointJwt [http-nio-8080-exec-2] Unauthorized error: Full authentication is required to access this resource
2023-04-03 14:06:22,368 ERROR com.example.spring.jwt.mongodb.security.jwt.AuthEntryPointJwt [http-nio-8080-exec-3] Unauthorized error: Full authentication is required to access this resource
2023-04-03 14:14:00,115 ERROR com.example.spring.jwt.mongodb.security.jwt.AuthEntryPointJwt [http-nio-8080-exec-6] Unauthorized error: Full authentication is required to access this resource
2023-04-03 14:14:01,777 ERROR com.example.spring.jwt.mongodb.security.jwt.AuthEntryPointJwt [http-nio-8080-exec-7] Unauthorized error: Full authentication is required to access this resource
2023-04-03 14:14:02,624 ERROR com.example.spring.jwt.mongodb.security.jwt.AuthEntryPointJwt [http-nio-8080-exec-8] Unauthorized error: Full authentication is required to access this resource
2023-04-03 14:14:09,193 ERROR com.example.spring.jwt.mongodb.security.jwt.AuthEntryPointJwt [http-nio-8080-exec-9] Unauthorized error: Full authentication is required to access this resource
2023-04-03 14:18:48,383 INFO org.apache.catalina.core.StandardService [RMI TCP Connection(36)-127.0.0.1] Stopping service [Tomcat]
2023-04-03 14:18:48,407 INFO org.apache.catalina.core.ContainerBase.[Tomcat].[localhost].[/] [RMI TCP Connection(36)-127.0.0.1] Destroying Spring FrameworkServlet 'dispatcherServlet'
2023-04-03 14:18:48,471 WARN org.apache.catalina.loader.WebappClassLoaderBase [RMI TCP Connection(36)-127.0.0.1] The web application [ROOT] appears to have started a thread named [BufferPoolPruner-1-thread-1] but has failed to stop it. This is very likely to create a memory leak. Stack trace of thread:
 java.base@17.0.6/jdk.internal.misc.Unsafe.park(Native Method)
 java.base@17.0.6/java.util.concurrent.locks.LockSupport.parkNanos(LockSupport.java:252)
 java.base@17.0.6/java.util.concurrent.locks.AbstractQueuedSynchronizer$ConditionObject.awaitNanos(AbstractQueuedSynchronizer.java:1672)
 java.base@17.0.6/java.util.concurrent.ScheduledThreadPoolExecutor$DelayedWorkQueue.take(ScheduledThreadPoolExecutor.java:1182)
 java.base@17.0.6/java.util.concurrent.ScheduledThreadPoolExecutor$DelayedWorkQueue.take(ScheduledThreadPoolExecutor.java:899)
 java.base@17.0.6/java.util.concurrent.ThreadPoolExecutor.getTask(ThreadPoolExecutor.java:1062)
 java.base@17.0.6/java.util.concurrent.ThreadPoolExecutor.runWorker(ThreadPoolExecutor.java:1122)
 java.base@17.0.6/java.util.concurrent.ThreadPoolExecutor$Worker.run(ThreadPoolExecutor.java:635)
 java.base@17.0.6/java.lang.Thread.run(Thread.java:833)
2023-04-03 14:18:48,472 WARN org.apache.catalina.loader.WebappClassLoaderBase [RMI TCP Connection(36)-127.0.0.1] The web application [ROOT] appears to have started a thread named [cluster-ClusterId{value='642a8e1aff4a412664929b91', description='null'}-localhost:27017] but has failed to stop it. This is very likely to create a memory leak. Stack trace of thread:
 java.base@17.0.6/jdk.internal.misc.Unsafe.park(Native Method)
 java.base@17.0.6/java.util.concurrent.locks.LockSupport.parkNanos(LockSupport.java:252)
 java.base@17.0.6/java.util.concurrent.locks.AbstractQueuedSynchronizer$ConditionObject.awaitNanos(AbstractQueuedSynchronizer.java:1672)
 app//com.mongodb.internal.connection.DefaultServerMonitor$ServerMonitorRunnable.waitForSignalOrTimeout(DefaultServerMonitor.java:300)
 app//com.mongodb.internal.connection.DefaultServerMonitor$ServerMonitorRunnable.waitForNext(DefaultServerMonitor.java:281)
 app//com.mongodb.internal.connection.DefaultServerMonitor$ServerMonitorRunnable.run(DefaultServerMonitor.java:179)
 java.base@17.0.6/java.lang.Thread.run(Thread.java:833)
2023-04-03 14:18:48,474 WARN org.apache.catalina.loader.WebappClassLoaderBase [RMI TCP Connection(36)-127.0.0.1] The web application [ROOT] appears to have started a thread named [cluster-rtt-ClusterId{value='642a8e1aff4a412664929b91', description='null'}-localhost:27017] but has failed to stop it. This is very likely to create a memory leak. Stack trace of thread:
 java.base@17.0.6/java.lang.Thread.sleep(Native Method)
 app//com.mongodb.internal.connection.DefaultServerMonitor.waitForNext(DefaultServerMonitor.java:443)
 app//com.mongodb.internal.connection.DefaultServerMonitor.access$1500(DefaultServerMonitor.java:64)
 app//com.mongodb.internal.connection.DefaultServerMonitor$RoundTripTimeRunnable.run(DefaultServerMonitor.java:415)
 java.base@17.0.6/java.lang.Thread.run(Thread.java:833)
2023-04-03 14:18:48,475 WARN org.apache.catalina.loader.WebappClassLoaderBase [RMI TCP Connection(36)-127.0.0.1] The web application [ROOT] appears to have started a thread named [MaintenanceTimer-2-thread-1] but has failed to stop it. This is very likely to create a memory leak. Stack trace of thread:
 java.base@17.0.6/jdk.internal.misc.Unsafe.park(Native Method)
 java.base@17.0.6/java.util.concurrent.locks.LockSupport.parkNanos(LockSupport.java:252)
 java.base@17.0.6/java.util.concurrent.locks.AbstractQueuedSynchronizer$ConditionObject.awaitNanos(AbstractQueuedSynchronizer.java:1672)
 java.base@17.0.6/java.util.concurrent.ScheduledThreadPoolExecutor$DelayedWorkQueue.take(ScheduledThreadPoolExecutor.java:1182)
 java.base@17.0.6/java.util.concurrent.ScheduledThreadPoolExecutor$DelayedWorkQueue.take(ScheduledThreadPoolExecutor.java:899)
 java.base@17.0.6/java.util.concurrent.ThreadPoolExecutor.getTask(ThreadPoolExecutor.java:1062)
 java.base@17.0.6/java.util.concurrent.ThreadPoolExecutor.runWorker(ThreadPoolExecutor.java:1122)
 java.base@17.0.6/java.util.concurrent.ThreadPoolExecutor$Worker.run(ThreadPoolExecutor.java:635)
 java.base@17.0.6/java.lang.Thread.run(Thread.java:833)
2023-04-03 14:18:53,797 INFO com.example.spring.jwt.mongodb.SpringBootSecurityJwtMongodbApplication [main] Starting SpringBootSecurityJwtMongodbApplication using Java 17.0.6 on wks-012 with PID 26515 (/home/inferyx/git/SpringApplicationWithSecurity/data/target/classes started by inferyx in /home/inferyx/git/SpringApplicationWithSecurity/data)
2023-04-03 14:18:53,804 INFO com.example.spring.jwt.mongodb.SpringBootSecurityJwtMongodbApplication [main] No active profile set, falling back to 1 default profile: "default"
2023-04-03 14:18:57,483 INFO org.apache.catalina.core.StandardService [main] Starting service [Tomcat]
2023-04-03 14:18:57,484 INFO org.apache.catalina.core.StandardEngine [main] Starting Servlet engine: [Apache Tomcat/9.0.65]
2023-04-03 14:18:57,739 INFO org.apache.catalina.core.ContainerBase.[Tomcat].[localhost].[/] [main] Initializing Spring embedded WebApplicationContext
2023-04-03 14:18:58,066 INFO org.mongodb.driver.client [main] MongoClient with metadata {"driver": {"name": "mongo-java-driver|sync|spring-boot", "version": "4.6.1"}, "os": {"type": "Linux", "name": "Linux", "architecture": "amd64", "version": "5.15.0-69-generic"}, "platform": "Java/Eclipse Adoptium/17.0.6+10"} created with settings MongoClientSettings{readPreference=primary, writeConcern=WriteConcern{w=null, wTimeout=null ms, journal=null}, retryWrites=true, retryReads=true, readConcern=ReadConcern{level=null}, credential=null, streamFactoryFactory=null, commandListeners=[], codecRegistry=ProvidersCodecRegistry{codecProviders=[ValueCodecProvider{}, BsonValueCodecProvider{}, DBRefCodecProvider{}, DBObjectCodecProvider{}, DocumentCodecProvider{}, IterableCodecProvider{}, MapCodecProvider{}, GeoJsonCodecProvider{}, GridFSFileCodecProvider{}, Jsr310CodecProvider{}, JsonObjectCodecProvider{}, BsonCodecProvider{}, EnumCodecProvider{}, com.mongodb.Jep395RecordCodecProvider@4bc6da03]}, clusterSettings={hosts=[localhost:27017], srvServiceName=mongodb, mode=SINGLE, requiredClusterType=UNKNOWN, requiredReplicaSetName='null', serverSelector='null', clusterListeners='[]', serverSelectionTimeout='30000 ms', localThreshold='30000 ms'}, socketSettings=SocketSettings{connectTimeoutMS=10000, readTimeoutMS=0, receiveBufferSize=0, sendBufferSize=0}, heartbeatSocketSettings=SocketSettings{connectTimeoutMS=10000, readTimeoutMS=10000, receiveBufferSize=0, sendBufferSize=0}, connectionPoolSettings=ConnectionPoolSettings{maxSize=100, minSize=0, maxWaitTimeMS=120000, maxConnectionLifeTimeMS=0, maxConnectionIdleTimeMS=0, maintenanceInitialDelayMS=0, maintenanceFrequencyMS=60000, connectionPoolListeners=[], maxConnecting=2}, serverSettings=ServerSettings{heartbeatFrequencyMS=10000, minHeartbeatFrequencyMS=500, serverListeners='[]', serverMonitorListeners='[]'}, sslSettings=SslSettings{enabled=false, invalidHostNameAllowed=false, context=null}, applicationName='null', compressorList=[], uuidRepresentation=JAVA_LEGACY, serverApi=null, autoEncryptionSettings=null, contextProvider=null}
2023-04-03 14:18:58,162 INFO org.mongodb.driver.connection [cluster-rtt-ClusterId{value='642a92f9ed8c3a179cd5bdcf', description='null'}-localhost:27017] Opened connection [connectionId{localValue:1, serverValue:161}] to localhost:27017
2023-04-03 14:18:58,166 INFO org.mongodb.driver.connection [cluster-ClusterId{value='642a92f9ed8c3a179cd5bdcf', description='null'}-localhost:27017] Opened connection [connectionId{localValue:2, serverValue:162}] to localhost:27017
2023-04-03 14:18:58,168 INFO org.mongodb.driver.cluster [cluster-ClusterId{value='642a92f9ed8c3a179cd5bdcf', description='null'}-localhost:27017] Monitor thread successfully connected to server with description ServerDescription{address=localhost:27017, type=STANDALONE, state=CONNECTED, ok=true, minWireVersion=0, maxWireVersion=6, maxDocumentSize=16777216, logicalSessionTimeoutMinutes=30, roundTripTimeNanos=106343004}
2023-04-03 14:19:01,349 INFO com.example.spring.jwt.mongodb.SpringBootSecurityJwtMongodbApplication [main] Started SpringBootSecurityJwtMongodbApplication in 8.707 seconds (JVM running for 10.437)
2023-04-03 14:19:01,356 INFO com.example.spring.jwt.mongodb.SpringBootSecurityJwtMongodbApplication [main] This is a info message
2023-04-03 14:19:01,357 WARN com.example.spring.jwt.mongodb.SpringBootSecurityJwtMongodbApplication [main] This is a warn message
2023-04-03 14:19:10,287 INFO org.apache.catalina.core.ContainerBase.[Tomcat].[localhost].[/] [http-nio-8080-exec-1] Initializing Spring DispatcherServlet 'dispatcherServlet'
2023-04-03 14:19:11,650 INFO org.springdoc.api.AbstractOpenApiResource [http-nio-8080-exec-10] Init duration for springdoc-openapi is: 403 ms
2023-04-03 14:23:44,147 INFO org.mongodb.driver.connection [http-nio-8080-exec-3] Opened connection [connectionId{localValue:3, serverValue:165}] to localhost:27017
2023-04-03 14:25:28,641 ERROR com.example.spring.jwt.mongodb.security.jwt.AuthEntryPointJwt [http-nio-8080-exec-9] Unauthorized error: Full authentication is required to access this resource
2023-04-03 15:18:31,985 INFO org.apache.catalina.core.StandardService [RMI TCP Connection(70)-127.0.0.1] Stopping service [Tomcat]
2023-04-03 15:18:31,988 INFO org.apache.catalina.core.ContainerBase.[Tomcat].[localhost].[/] [RMI TCP Connection(70)-127.0.0.1] Destroying Spring FrameworkServlet 'dispatcherServlet'
2023-04-03 15:18:31,999 WARN org.apache.catalina.loader.WebappClassLoaderBase [RMI TCP Connection(70)-127.0.0.1] The web application [ROOT] appears to have started a thread named [BufferPoolPruner-1-thread-1] but has failed to stop it. This is very likely to create a memory leak. Stack trace of thread:
 java.base@17.0.6/jdk.internal.misc.Unsafe.park(Native Method)
 java.base@17.0.6/java.util.concurrent.locks.LockSupport.parkNanos(LockSupport.java:252)
 java.base@17.0.6/java.util.concurrent.locks.AbstractQueuedSynchronizer$ConditionObject.awaitNanos(AbstractQueuedSynchronizer.java:1672)
 java.base@17.0.6/java.util.concurrent.ScheduledThreadPoolExecutor$DelayedWorkQueue.take(ScheduledThreadPoolExecutor.java:1182)
 java.base@17.0.6/java.util.concurrent.ScheduledThreadPoolExecutor$DelayedWorkQueue.take(ScheduledThreadPoolExecutor.java:899)
 java.base@17.0.6/java.util.concurrent.ThreadPoolExecutor.getTask(ThreadPoolExecutor.java:1062)
 java.base@17.0.6/java.util.concurrent.ThreadPoolExecutor.runWorker(ThreadPoolExecutor.java:1122)
 java.base@17.0.6/java.util.concurrent.ThreadPoolExecutor$Worker.run(ThreadPoolExecutor.java:635)
 java.base@17.0.6/java.lang.Thread.run(Thread.java:833)
2023-04-03 15:18:32,004 WARN org.apache.catalina.loader.WebappClassLoaderBase [RMI TCP Connection(70)-127.0.0.1] The web application [ROOT] appears to have started a thread named [cluster-ClusterId{value='642a92f9ed8c3a179cd5bdcf', description='null'}-localhost:27017] but has failed to stop it. This is very likely to create a memory leak. Stack trace of thread:
 java.base@17.0.6/jdk.internal.misc.Unsafe.park(Native Method)
 java.base@17.0.6/java.util.concurrent.locks.LockSupport.parkNanos(LockSupport.java:252)
 java.base@17.0.6/java.util.concurrent.locks.AbstractQueuedSynchronizer$ConditionObject.awaitNanos(AbstractQueuedSynchronizer.java:1672)
 app//com.mongodb.internal.connection.DefaultServerMonitor$ServerMonitorRunnable.waitForSignalOrTimeout(DefaultServerMonitor.java:300)
 app//com.mongodb.internal.connection.DefaultServerMonitor$ServerMonitorRunnable.waitForNext(DefaultServerMonitor.java:281)
 app//com.mongodb.internal.connection.DefaultServerMonitor$ServerMonitorRunnable.run(DefaultServerMonitor.java:179)
 java.base@17.0.6/java.lang.Thread.run(Thread.java:833)
2023-04-03 15:18:32,006 WARN org.apache.catalina.loader.WebappClassLoaderBase [RMI TCP Connection(70)-127.0.0.1] The web application [ROOT] appears to have started a thread named [cluster-rtt-ClusterId{value='642a92f9ed8c3a179cd5bdcf', description='null'}-localhost:27017] but has failed to stop it. This is very likely to create a memory leak. Stack trace of thread:
 java.base@17.0.6/java.lang.Thread.sleep(Native Method)
 app//com.mongodb.internal.connection.DefaultServerMonitor.waitForNext(DefaultServerMonitor.java:443)
 app//com.mongodb.internal.connection.DefaultServerMonitor.access$1500(DefaultServerMonitor.java:64)
 app//com.mongodb.internal.connection.DefaultServerMonitor$RoundTripTimeRunnable.run(DefaultServerMonitor.java:415)
 java.base@17.0.6/java.lang.Thread.run(Thread.java:833)
2023-04-03 15:18:32,009 WARN org.apache.catalina.loader.WebappClassLoaderBase [RMI TCP Connection(70)-127.0.0.1] The web application [ROOT] appears to have started a thread named [MaintenanceTimer-2-thread-1] but has failed to stop it. This is very likely to create a memory leak. Stack trace of thread:
 java.base@17.0.6/jdk.internal.misc.Unsafe.park(Native Method)
 java.base@17.0.6/java.util.concurrent.locks.LockSupport.parkNanos(LockSupport.java:252)
 java.base@17.0.6/java.util.concurrent.locks.AbstractQueuedSynchronizer$ConditionObject.awaitNanos(AbstractQueuedSynchronizer.java:1672)
 java.base@17.0.6/java.util.concurrent.ScheduledThreadPoolExecutor$DelayedWorkQueue.take(ScheduledThreadPoolExecutor.java:1182)
 java.base@17.0.6/java.util.concurrent.ScheduledThreadPoolExecutor$DelayedWorkQueue.take(ScheduledThreadPoolExecutor.java:899)
 java.base@17.0.6/java.util.concurrent.ThreadPoolExecutor.getTask(ThreadPoolExecutor.java:1062)
 java.base@17.0.6/java.util.concurrent.ThreadPoolExecutor.runWorker(ThreadPoolExecutor.java:1122)
 java.base@17.0.6/java.util.concurrent.ThreadPoolExecutor$Worker.run(ThreadPoolExecutor.java:635)
 java.base@17.0.6/java.lang.Thread.run(Thread.java:833)
2023-04-03 15:18:41,753 INFO com.example.spring.jwt.mongodb.SpringBootSecurityJwtMongodbApplication [main] Starting SpringBootSecurityJwtMongodbApplication using Java 17.0.6 on wks-012 with PID 27601 (/home/inferyx/git/SpringApplicationWithSecurity/data/target/classes started by inferyx in /home/inferyx/git/SpringApplicationWithSecurity/data)
2023-04-03 15:18:41,761 INFO com.example.spring.jwt.mongodb.SpringBootSecurityJwtMongodbApplication [main] No active profile set, falling back to 1 default profile: "default"
2023-04-03 15:18:43,855 INFO org.apache.catalina.core.StandardService [main] Starting service [Tomcat]
2023-04-03 15:18:43,856 INFO org.apache.catalina.core.StandardEngine [main] Starting Servlet engine: [Apache Tomcat/9.0.65]
2023-04-03 15:18:44,008 INFO org.apache.catalina.core.ContainerBase.[Tomcat].[localhost].[/] [main] Initializing Spring embedded WebApplicationContext
2023-04-03 15:18:44,370 INFO org.mongodb.driver.client [main] MongoClient with metadata {"driver": {"name": "mongo-java-driver|sync|spring-boot", "version": "4.6.1"}, "os": {"type": "Linux", "name": "Linux", "architecture": "amd64", "version": "5.15.0-69-generic"}, "platform": "Java/Eclipse Adoptium/17.0.6+10"} created with settings MongoClientSettings{readPreference=primary, writeConcern=WriteConcern{w=null, wTimeout=null ms, journal=null}, retryWrites=true, retryReads=true, readConcern=ReadConcern{level=null}, credential=null, streamFactoryFactory=null, commandListeners=[], codecRegistry=ProvidersCodecRegistry{codecProviders=[ValueCodecProvider{}, BsonValueCodecProvider{}, DBRefCodecProvider{}, DBObjectCodecProvider{}, DocumentCodecProvider{}, IterableCodecProvider{}, MapCodecProvider{}, GeoJsonCodecProvider{}, GridFSFileCodecProvider{}, Jsr310CodecProvider{}, JsonObjectCodecProvider{}, BsonCodecProvider{}, EnumCodecProvider{}, com.mongodb.Jep395RecordCodecProvider@53747c4a]}, clusterSettings={hosts=[localhost:27017], srvServiceName=mongodb, mode=SINGLE, requiredClusterType=UNKNOWN, requiredReplicaSetName='null', serverSelector='null', clusterListeners='[]', serverSelectionTimeout='30000 ms', localThreshold='30000 ms'}, socketSettings=SocketSettings{connectTimeoutMS=10000, readTimeoutMS=0, receiveBufferSize=0, sendBufferSize=0}, heartbeatSocketSettings=SocketSettings{connectTimeoutMS=10000, readTimeoutMS=10000, receiveBufferSize=0, sendBufferSize=0}, connectionPoolSettings=ConnectionPoolSettings{maxSize=100, minSize=0, maxWaitTimeMS=120000, maxConnectionLifeTimeMS=0, maxConnectionIdleTimeMS=0, maintenanceInitialDelayMS=0, maintenanceFrequencyMS=60000, connectionPoolListeners=[], maxConnecting=2}, serverSettings=ServerSettings{heartbeatFrequencyMS=10000, minHeartbeatFrequencyMS=500, serverListeners='[]', serverMonitorListeners='[]'}, sslSettings=SslSettings{enabled=false, invalidHostNameAllowed=false, context=null}, applicationName='null', compressorList=[], uuidRepresentation=JAVA_LEGACY, serverApi=null, autoEncryptionSettings=null, contextProvider=null}
2023-04-03 15:18:44,372 INFO org.mongodb.driver.connection [cluster-rtt-ClusterId{value='642aa0fca0b0ba00345536d6', description='null'}-localhost:27017] Opened connection [connectionId{localValue:2, serverValue:166}] to localhost:27017
2023-04-03 15:18:44,375 INFO org.mongodb.driver.connection [cluster-ClusterId{value='642aa0fca0b0ba00345536d6', description='null'}-localhost:27017] Opened connection [connectionId{localValue:1, serverValue:167}] to localhost:27017
2023-04-03 15:18:44,375 INFO org.mongodb.driver.cluster [cluster-ClusterId{value='642aa0fca0b0ba00345536d6', description='null'}-localhost:27017] Monitor thread successfully connected to server with description ServerDescription{address=localhost:27017, type=STANDALONE, state=CONNECTED, ok=true, minWireVersion=0, maxWireVersion=6, maxDocumentSize=16777216, logicalSessionTimeoutMinutes=30, roundTripTimeNanos=34697342}
2023-04-03 15:18:46,905 INFO com.example.spring.jwt.mongodb.SpringBootSecurityJwtMongodbApplication [main] Started SpringBootSecurityJwtMongodbApplication in 5.842 seconds (JVM running for 7.339)
2023-04-03 15:18:46,913 INFO com.example.spring.jwt.mongodb.SpringBootSecurityJwtMongodbApplication [main] This is a info message
2023-04-03 15:18:46,914 WARN com.example.spring.jwt.mongodb.SpringBootSecurityJwtMongodbApplication [main] This is a warn message
2023-04-03 15:18:54,824 INFO org.apache.catalina.core.ContainerBase.[Tomcat].[localhost].[/] [http-nio-8080-exec-1] Initializing Spring DispatcherServlet 'dispatcherServlet'
2023-04-03 15:19:02,105 INFO org.springdoc.api.AbstractOpenApiResource [http-nio-8080-exec-9] Init duration for springdoc-openapi is: 503 ms
2023-04-03 15:20:11,062 INFO org.mongodb.driver.connection [http-nio-8080-exec-4] Opened connection [connectionId{localValue:3, serverValue:168}] to localhost:27017
2023-04-03 15:21:51,024 INFO com.example.spring.jwt.mongodb.controllers.EmailController [http-nio-8080-exec-7] mail send Successfully.
2023-04-03 15:22:48,017 INFO com.example.spring.jwt.mongodb.controllers.EmailController [http-nio-8080-exec-9] mail send Successfully.
2023-04-03 15:23:19,403 INFO com.example.spring.jwt.mongodb.controllers.EmailController [http-nio-8080-exec-1] mail send Successfully.
2023-04-03 15:23:45,769 INFO org.apache.catalina.core.StandardService [RMI TCP Connection(13)-127.0.0.1] Stopping service [Tomcat]
2023-04-03 15:23:45,772 INFO org.apache.catalina.core.ContainerBase.[Tomcat].[localhost].[/] [RMI TCP Connection(13)-127.0.0.1] Destroying Spring FrameworkServlet 'dispatcherServlet'
2023-04-03 15:23:45,783 WARN org.apache.catalina.loader.WebappClassLoaderBase [RMI TCP Connection(13)-127.0.0.1] The web application [ROOT] appears to have started a thread named [BufferPoolPruner-1-thread-1] but has failed to stop it. This is very likely to create a memory leak. Stack trace of thread:
 java.base@17.0.6/jdk.internal.misc.Unsafe.park(Native Method)
 java.base@17.0.6/java.util.concurrent.locks.LockSupport.parkNanos(LockSupport.java:252)
 java.base@17.0.6/java.util.concurrent.locks.AbstractQueuedSynchronizer$ConditionObject.awaitNanos(AbstractQueuedSynchronizer.java:1672)
 java.base@17.0.6/java.util.concurrent.ScheduledThreadPoolExecutor$DelayedWorkQueue.take(ScheduledThreadPoolExecutor.java:1182)
 java.base@17.0.6/java.util.concurrent.ScheduledThreadPoolExecutor$DelayedWorkQueue.take(ScheduledThreadPoolExecutor.java:899)
 java.base@17.0.6/java.util.concurrent.ThreadPoolExecutor.getTask(ThreadPoolExecutor.java:1062)
 java.base@17.0.6/java.util.concurrent.ThreadPoolExecutor.runWorker(ThreadPoolExecutor.java:1122)
 java.base@17.0.6/java.util.concurrent.ThreadPoolExecutor$Worker.run(ThreadPoolExecutor.java:635)
 java.base@17.0.6/java.lang.Thread.run(Thread.java:833)
2023-04-03 15:23:45,785 WARN org.apache.catalina.loader.WebappClassLoaderBase [RMI TCP Connection(13)-127.0.0.1] The web application [ROOT] appears to have started a thread named [cluster-ClusterId{value='642aa0fca0b0ba00345536d6', description='null'}-localhost:27017] but has failed to stop it. This is very likely to create a memory leak. Stack trace of thread:
 java.base@17.0.6/jdk.internal.misc.Unsafe.park(Native Method)
 java.base@17.0.6/java.util.concurrent.locks.LockSupport.parkNanos(LockSupport.java:252)
 java.base@17.0.6/java.util.concurrent.locks.AbstractQueuedSynchronizer$ConditionObject.awaitNanos(AbstractQueuedSynchronizer.java:1672)
 app//com.mongodb.internal.connection.DefaultServerMonitor$ServerMonitorRunnable.waitForSignalOrTimeout(DefaultServerMonitor.java:300)
 app//com.mongodb.internal.connection.DefaultServerMonitor$ServerMonitorRunnable.waitForNext(DefaultServerMonitor.java:281)
 app//com.mongodb.internal.connection.DefaultServerMonitor$ServerMonitorRunnable.run(DefaultServerMonitor.java:179)
 java.base@17.0.6/java.lang.Thread.run(Thread.java:833)
2023-04-03 15:23:45,788 WARN org.apache.catalina.loader.WebappClassLoaderBase [RMI TCP Connection(13)-127.0.0.1] The web application [ROOT] appears to have started a thread named [cluster-rtt-ClusterId{value='642aa0fca0b0ba00345536d6', description='null'}-localhost:27017] but has failed to stop it. This is very likely to create a memory leak. Stack trace of thread:
 java.base@17.0.6/java.lang.Thread.sleep(Native Method)
 app//com.mongodb.internal.connection.DefaultServerMonitor.waitForNext(DefaultServerMonitor.java:443)
 app//com.mongodb.internal.connection.DefaultServerMonitor.access$1500(DefaultServerMonitor.java:64)
 app//com.mongodb.internal.connection.DefaultServerMonitor$RoundTripTimeRunnable.run(DefaultServerMonitor.java:415)
 java.base@17.0.6/java.lang.Thread.run(Thread.java:833)
2023-04-03 15:23:45,791 WARN org.apache.catalina.loader.WebappClassLoaderBase [RMI TCP Connection(13)-127.0.0.1] The web application [ROOT] appears to have started a thread named [MaintenanceTimer-2-thread-1] but has failed to stop it. This is very likely to create a memory leak. Stack trace of thread:
 java.base@17.0.6/jdk.internal.misc.Unsafe.park(Native Method)
 java.base@17.0.6/java.util.concurrent.locks.LockSupport.parkNanos(LockSupport.java:252)
 java.base@17.0.6/java.util.concurrent.locks.AbstractQueuedSynchronizer$ConditionObject.awaitNanos(AbstractQueuedSynchronizer.java:1672)
 java.base@17.0.6/java.util.concurrent.ScheduledThreadPoolExecutor$DelayedWorkQueue.take(ScheduledThreadPoolExecutor.java:1182)
 java.base@17.0.6/java.util.concurrent.ScheduledThreadPoolExecutor$DelayedWorkQueue.take(ScheduledThreadPoolExecutor.java:899)
 java.base@17.0.6/java.util.concurrent.ThreadPoolExecutor.getTask(ThreadPoolExecutor.java:1062)
 java.base@17.0.6/java.util.concurrent.ThreadPoolExecutor.runWorker(ThreadPoolExecutor.java:1122)
 java.base@17.0.6/java.util.concurrent.ThreadPoolExecutor$Worker.run(ThreadPoolExecutor.java:635)
 java.base@17.0.6/java.lang.Thread.run(Thread.java:833)
2023-04-03 15:23:51,854 INFO com.example.spring.jwt.mongodb.SpringBootSecurityJwtMongodbApplication [main] Starting SpringBootSecurityJwtMongodbApplication using Java 17.0.6 on wks-012 with PID 27874 (/home/inferyx/git/SpringApplicationWithSecurity/data/target/classes started by inferyx in /home/inferyx/git/SpringApplicationWithSecurity/data)
2023-04-03 15:23:51,867 INFO com.example.spring.jwt.mongodb.SpringBootSecurityJwtMongodbApplication [main] No active profile set, falling back to 1 default profile: "default"
2023-04-03 15:23:54,420 INFO org.apache.catalina.core.StandardService [main] Starting service [Tomcat]
2023-04-03 15:23:54,421 INFO org.apache.catalina.core.StandardEngine [main] Starting Servlet engine: [Apache Tomcat/9.0.65]
2023-04-03 15:23:54,565 INFO org.apache.catalina.core.ContainerBase.[Tomcat].[localhost].[/] [main] Initializing Spring embedded WebApplicationContext
2023-04-03 15:23:54,923 INFO org.mongodb.driver.client [main] MongoClient with metadata {"driver": {"name": "mongo-java-driver|sync|spring-boot", "version": "4.6.1"}, "os": {"type": "Linux", "name": "Linux", "architecture": "amd64", "version": "5.15.0-69-generic"}, "platform": "Java/Eclipse Adoptium/17.0.6+10"} created with settings MongoClientSettings{readPreference=primary, writeConcern=WriteConcern{w=null, wTimeout=null ms, journal=null}, retryWrites=true, retryReads=true, readConcern=ReadConcern{level=null}, credential=null, streamFactoryFactory=null, commandListeners=[], codecRegistry=ProvidersCodecRegistry{codecProviders=[ValueCodecProvider{}, BsonValueCodecProvider{}, DBRefCodecProvider{}, DBObjectCodecProvider{}, DocumentCodecProvider{}, IterableCodecProvider{}, MapCodecProvider{}, GeoJsonCodecProvider{}, GridFSFileCodecProvider{}, Jsr310CodecProvider{}, JsonObjectCodecProvider{}, BsonCodecProvider{}, EnumCodecProvider{}, com.mongodb.Jep395RecordCodecProvider@29d405e6]}, clusterSettings={hosts=[localhost:27017], srvServiceName=mongodb, mode=SINGLE, requiredClusterType=UNKNOWN, requiredReplicaSetName='null', serverSelector='null', clusterListeners='[]', serverSelectionTimeout='30000 ms', localThreshold='30000 ms'}, socketSettings=SocketSettings{connectTimeoutMS=10000, readTimeoutMS=0, receiveBufferSize=0, sendBufferSize=0}, heartbeatSocketSettings=SocketSettings{connectTimeoutMS=10000, readTimeoutMS=10000, receiveBufferSize=0, sendBufferSize=0}, connectionPoolSettings=ConnectionPoolSettings{maxSize=100, minSize=0, maxWaitTimeMS=120000, maxConnectionLifeTimeMS=0, maxConnectionIdleTimeMS=0, maintenanceInitialDelayMS=0, maintenanceFrequencyMS=60000, connectionPoolListeners=[], maxConnecting=2}, serverSettings=ServerSettings{heartbeatFrequencyMS=10000, minHeartbeatFrequencyMS=500, serverListeners='[]', serverMonitorListeners='[]'}, sslSettings=SslSettings{enabled=false, invalidHostNameAllowed=false, context=null}, applicationName='null', compressorList=[], uuidRepresentation=JAVA_LEGACY, serverApi=null, autoEncryptionSettings=null, contextProvider=null}
2023-04-03 15:23:54,955 INFO org.mongodb.driver.connection [cluster-ClusterId{value='642aa232f05eeb40c08e7983', description='null'}-localhost:27017] Opened connection [connectionId{localValue:2, serverValue:169}] to localhost:27017
2023-04-03 15:23:54,957 INFO org.mongodb.driver.cluster [cluster-ClusterId{value='642aa232f05eeb40c08e7983', description='null'}-localhost:27017] Monitor thread successfully connected to server with description ServerDescription{address=localhost:27017, type=STANDALONE, state=CONNECTED, ok=true, minWireVersion=0, maxWireVersion=6, maxDocumentSize=16777216, logicalSessionTimeoutMinutes=30, roundTripTimeNanos=44350120}
2023-04-03 15:23:54,962 INFO org.mongodb.driver.connection [cluster-rtt-ClusterId{value='642aa232f05eeb40c08e7983', description='null'}-localhost:27017] Opened connection [connectionId{localValue:1, serverValue:170}] to localhost:27017
2023-04-03 15:24:47,526 INFO com.example.spring.jwt.mongodb.SpringBootSecurityJwtMongodbApplication [main] Starting SpringBootSecurityJwtMongodbApplication using Java 17.0.6 on wks-012 with PID 27966 (/home/inferyx/git/SpringApplicationWithSecurity/data/target/classes started by inferyx in /home/inferyx/git/SpringApplicationWithSecurity/data)
2023-04-03 15:24:47,534 INFO com.example.spring.jwt.mongodb.SpringBootSecurityJwtMongodbApplication [main] No active profile set, falling back to 1 default profile: "default"
2023-04-03 15:24:50,126 INFO org.apache.catalina.core.StandardService [main] Starting service [Tomcat]
2023-04-03 15:24:50,127 INFO org.apache.catalina.core.StandardEngine [main] Starting Servlet engine: [Apache Tomcat/9.0.65]
2023-04-03 15:24:50,278 INFO org.apache.catalina.core.ContainerBase.[Tomcat].[localhost].[/] [main] Initializing Spring embedded WebApplicationContext
2023-04-03 15:24:50,617 INFO org.mongodb.driver.client [main] MongoClient with metadata {"driver": {"name": "mongo-java-driver|sync|spring-boot", "version": "4.6.1"}, "os": {"type": "Linux", "name": "Linux", "architecture": "amd64", "version": "5.15.0-69-generic"}, "platform": "Java/Eclipse Adoptium/17.0.6+10"} created with settings MongoClientSettings{readPreference=primary, writeConcern=WriteConcern{w=null, wTimeout=null ms, journal=null}, retryWrites=true, retryReads=true, readConcern=ReadConcern{level=null}, credential=null, streamFactoryFactory=null, commandListeners=[], codecRegistry=ProvidersCodecRegistry{codecProviders=[ValueCodecProvider{}, BsonValueCodecProvider{}, DBRefCodecProvider{}, DBObjectCodecProvider{}, DocumentCodecProvider{}, IterableCodecProvider{}, MapCodecProvider{}, GeoJsonCodecProvider{}, GridFSFileCodecProvider{}, Jsr310CodecProvider{}, JsonObjectCodecProvider{}, BsonCodecProvider{}, EnumCodecProvider{}, com.mongodb.Jep395RecordCodecProvider@5b1efaaf]}, clusterSettings={hosts=[localhost:27017], srvServiceName=mongodb, mode=SINGLE, requiredClusterType=UNKNOWN, requiredReplicaSetName='null', serverSelector='null', clusterListeners='[]', serverSelectionTimeout='30000 ms', localThreshold='30000 ms'}, socketSettings=SocketSettings{connectTimeoutMS=10000, readTimeoutMS=0, receiveBufferSize=0, sendBufferSize=0}, heartbeatSocketSettings=SocketSettings{connectTimeoutMS=10000, readTimeoutMS=10000, receiveBufferSize=0, sendBufferSize=0}, connectionPoolSettings=ConnectionPoolSettings{maxSize=100, minSize=0, maxWaitTimeMS=120000, maxConnectionLifeTimeMS=0, maxConnectionIdleTimeMS=0, maintenanceInitialDelayMS=0, maintenanceFrequencyMS=60000, connectionPoolListeners=[], maxConnecting=2}, serverSettings=ServerSettings{heartbeatFrequencyMS=10000, minHeartbeatFrequencyMS=500, serverListeners='[]', serverMonitorListeners='[]'}, sslSettings=SslSettings{enabled=false, invalidHostNameAllowed=false, context=null}, applicationName='null', compressorList=[], uuidRepresentation=JAVA_LEGACY, serverApi=null, autoEncryptionSettings=null, contextProvider=null}
2023-04-03 15:24:50,656 INFO org.mongodb.driver.connection [cluster-rtt-ClusterId{value='642aa26a645d773f0ac8d8c1', description='null'}-localhost:27017] Opened connection [connectionId{localValue:2, serverValue:171}] to localhost:27017
2023-04-03 15:24:50,660 INFO org.mongodb.driver.connection [cluster-ClusterId{value='642aa26a645d773f0ac8d8c1', description='null'}-localhost:27017] Opened connection [connectionId{localValue:1, serverValue:172}] to localhost:27017
2023-04-03 15:24:50,661 INFO org.mongodb.driver.cluster [cluster-ClusterId{value='642aa26a645d773f0ac8d8c1', description='null'}-localhost:27017] Monitor thread successfully connected to server with description ServerDescription{address=localhost:27017, type=STANDALONE, state=CONNECTED, ok=true, minWireVersion=0, maxWireVersion=6, maxDocumentSize=16777216, logicalSessionTimeoutMinutes=30, roundTripTimeNanos=41957810}
2023-04-03 15:25:54,936 INFO com.example.spring.jwt.mongodb.SpringBootSecurityJwtMongodbApplication [main] Starting SpringBootSecurityJwtMongodbApplication using Java 17.0.6 on wks-012 with PID 28107 (/home/inferyx/git/SpringApplicationWithSecurity/data/target/classes started by inferyx in /home/inferyx/git/SpringApplicationWithSecurity/data)
2023-04-03 15:25:54,944 INFO com.example.spring.jwt.mongodb.SpringBootSecurityJwtMongodbApplication [main] No active profile set, falling back to 1 default profile: "default"
2023-04-03 15:25:57,508 INFO org.apache.catalina.core.StandardService [main] Starting service [Tomcat]
2023-04-03 15:25:57,510 INFO org.apache.catalina.core.StandardEngine [main] Starting Servlet engine: [Apache Tomcat/9.0.65]
2023-04-03 15:25:57,690 INFO org.apache.catalina.core.ContainerBase.[Tomcat].[localhost].[/] [main] Initializing Spring embedded WebApplicationContext
2023-04-03 15:25:58,040 INFO org.mongodb.driver.client [main] MongoClient with metadata {"driver": {"name": "mongo-java-driver|sync|spring-boot", "version": "4.6.1"}, "os": {"type": "Linux", "name": "Linux", "architecture": "amd64", "version": "5.15.0-69-generic"}, "platform": "Java/Eclipse Adoptium/17.0.6+10"} created with settings MongoClientSettings{readPreference=primary, writeConcern=WriteConcern{w=null, wTimeout=null ms, journal=null}, retryWrites=true, retryReads=true, readConcern=ReadConcern{level=null}, credential=null, streamFactoryFactory=null, commandListeners=[], codecRegistry=ProvidersCodecRegistry{codecProviders=[ValueCodecProvider{}, BsonValueCodecProvider{}, DBRefCodecProvider{}, DBObjectCodecProvider{}, DocumentCodecProvider{}, IterableCodecProvider{}, MapCodecProvider{}, GeoJsonCodecProvider{}, GridFSFileCodecProvider{}, Jsr310CodecProvider{}, JsonObjectCodecProvider{}, BsonCodecProvider{}, EnumCodecProvider{}, com.mongodb.Jep395RecordCodecProvider@2443abd6]}, clusterSettings={hosts=[localhost:27017], srvServiceName=mongodb, mode=SINGLE, requiredClusterType=UNKNOWN, requiredReplicaSetName='null', serverSelector='null', clusterListeners='[]', serverSelectionTimeout='30000 ms', localThreshold='30000 ms'}, socketSettings=SocketSettings{connectTimeoutMS=10000, readTimeoutMS=0, receiveBufferSize=0, sendBufferSize=0}, heartbeatSocketSettings=SocketSettings{connectTimeoutMS=10000, readTimeoutMS=10000, receiveBufferSize=0, sendBufferSize=0}, connectionPoolSettings=ConnectionPoolSettings{maxSize=100, minSize=0, maxWaitTimeMS=120000, maxConnectionLifeTimeMS=0, maxConnectionIdleTimeMS=0, maintenanceInitialDelayMS=0, maintenanceFrequencyMS=60000, connectionPoolListeners=[], maxConnecting=2}, serverSettings=ServerSettings{heartbeatFrequencyMS=10000, minHeartbeatFrequencyMS=500, serverListeners='[]', serverMonitorListeners='[]'}, sslSettings=SslSettings{enabled=false, invalidHostNameAllowed=false, context=null}, applicationName='null', compressorList=[], uuidRepresentation=JAVA_LEGACY, serverApi=null, autoEncryptionSettings=null, contextProvider=null}
2023-04-03 15:25:58,076 INFO org.mongodb.driver.connection [cluster-rtt-ClusterId{value='642aa2ad8b46825910a8d48a', description='null'}-localhost:27017] Opened connection [connectionId{localValue:1, serverValue:173}] to localhost:27017
2023-04-03 15:25:58,083 INFO org.mongodb.driver.connection [cluster-ClusterId{value='642aa2ad8b46825910a8d48a', description='null'}-localhost:27017] Opened connection [connectionId{localValue:2, serverValue:174}] to localhost:27017
2023-04-03 15:25:58,084 INFO org.mongodb.driver.cluster [cluster-ClusterId{value='642aa2ad8b46825910a8d48a', description='null'}-localhost:27017] Monitor thread successfully connected to server with description ServerDescription{address=localhost:27017, type=STANDALONE, state=CONNECTED, ok=true, minWireVersion=0, maxWireVersion=6, maxDocumentSize=16777216, logicalSessionTimeoutMinutes=30, roundTripTimeNanos=52478634}
2023-04-03 15:26:01,431 INFO com.example.spring.jwt.mongodb.SpringBootSecurityJwtMongodbApplication [main] Started SpringBootSecurityJwtMongodbApplication in 7.544 seconds (JVM running for 9.755)
2023-04-03 15:26:01,437 INFO com.example.spring.jwt.mongodb.SpringBootSecurityJwtMongodbApplication [main] This is a info message
2023-04-03 15:26:01,439 WARN com.example.spring.jwt.mongodb.SpringBootSecurityJwtMongodbApplication [main] This is a warn message
2023-04-03 15:26:18,556 INFO org.apache.catalina.core.ContainerBase.[Tomcat].[localhost].[/] [http-nio-8080-exec-2] Initializing Spring DispatcherServlet 'dispatcherServlet'
2023-04-03 15:26:18,856 INFO org.mongodb.driver.connection [http-nio-8080-exec-2] Opened connection [connectionId{localValue:3, serverValue:175}] to localhost:27017
2023-04-03 15:32:59,461 INFO com.example.spring.jwt.mongodb.SpringBootSecurityJwtMongodbApplication [main] Starting SpringBootSecurityJwtMongodbApplication using Java 17.0.6 on wks-012 with PID 28580 (/home/inferyx/git/SpringApplicationWithSecurity/data/target/classes started by inferyx in /home/inferyx/git/SpringApplicationWithSecurity/data)
2023-04-03 15:32:59,485 INFO com.example.spring.jwt.mongodb.SpringBootSecurityJwtMongodbApplication [main] No active profile set, falling back to 1 default profile: "default"
2023-04-03 15:33:13,264 INFO org.apache.catalina.core.StandardService [main] Starting service [Tomcat]
2023-04-03 15:33:13,266 INFO org.apache.catalina.core.StandardEngine [main] Starting Servlet engine: [Apache Tomcat/9.0.65]
2023-04-03 15:33:13,431 INFO org.apache.catalina.core.ContainerBase.[Tomcat].[localhost].[/] [main] Initializing Spring embedded WebApplicationContext
2023-04-03 15:33:14,579 INFO org.mongodb.driver.client [main] MongoClient with metadata {"driver": {"name": "mongo-java-driver|sync|spring-boot", "version": "4.6.1"}, "os": {"type": "Linux", "name": "Linux", "architecture": "amd64", "version": "5.15.0-69-generic"}, "platform": "Java/Eclipse Adoptium/17.0.6+10"} created with settings MongoClientSettings{readPreference=primary, writeConcern=WriteConcern{w=null, wTimeout=null ms, journal=null}, retryWrites=true, retryReads=true, readConcern=ReadConcern{level=null}, credential=null, streamFactoryFactory=null, commandListeners=[], codecRegistry=ProvidersCodecRegistry{codecProviders=[ValueCodecProvider{}, BsonValueCodecProvider{}, DBRefCodecProvider{}, DBObjectCodecProvider{}, DocumentCodecProvider{}, IterableCodecProvider{}, MapCodecProvider{}, GeoJsonCodecProvider{}, GridFSFileCodecProvider{}, Jsr310CodecProvider{}, JsonObjectCodecProvider{}, BsonCodecProvider{}, EnumCodecProvider{}, com.mongodb.Jep395RecordCodecProvider@4b87074a]}, clusterSettings={hosts=[localhost:27017], srvServiceName=mongodb, mode=SINGLE, requiredClusterType=UNKNOWN, requiredReplicaSetName='null', serverSelector='null', clusterListeners='[]', serverSelectionTimeout='30000 ms', localThreshold='30000 ms'}, socketSettings=SocketSettings{connectTimeoutMS=10000, readTimeoutMS=0, receiveBufferSize=0, sendBufferSize=0}, heartbeatSocketSettings=SocketSettings{connectTimeoutMS=10000, readTimeoutMS=10000, receiveBufferSize=0, sendBufferSize=0}, connectionPoolSettings=ConnectionPoolSettings{maxSize=100, minSize=0, maxWaitTimeMS=120000, maxConnectionLifeTimeMS=0, maxConnectionIdleTimeMS=0, maintenanceInitialDelayMS=0, maintenanceFrequencyMS=60000, connectionPoolListeners=[], maxConnecting=2}, serverSettings=ServerSettings{heartbeatFrequencyMS=10000, minHeartbeatFrequencyMS=500, serverListeners='[]', serverMonitorListeners='[]'}, sslSettings=SslSettings{enabled=false, invalidHostNameAllowed=false, context=null}, applicationName='null', compressorList=[], uuidRepresentation=JAVA_LEGACY, serverApi=null, autoEncryptionSettings=null, contextProvider=null}
2023-04-03 15:33:14,624 INFO org.mongodb.driver.connection [cluster-ClusterId{value='642aa462ae013c51f5767c99', description='null'}-localhost:27017] Opened connection [connectionId{localValue:2, serverValue:177}] to localhost:27017
2023-04-03 15:33:14,624 INFO org.mongodb.driver.connection [cluster-rtt-ClusterId{value='642aa462ae013c51f5767c99', description='null'}-localhost:27017] Opened connection [connectionId{localValue:1, serverValue:176}] to localhost:27017
2023-04-03 15:33:14,625 INFO org.mongodb.driver.cluster [cluster-ClusterId{value='642aa462ae013c51f5767c99', description='null'}-localhost:27017] Monitor thread successfully connected to server with description ServerDescription{address=localhost:27017, type=STANDALONE, state=CONNECTED, ok=true, minWireVersion=0, maxWireVersion=6, maxDocumentSize=16777216, logicalSessionTimeoutMinutes=30, roundTripTimeNanos=46991893}
2023-04-03 15:33:31,555 INFO com.example.spring.jwt.mongodb.SpringBootSecurityJwtMongodbApplication [main] Started SpringBootSecurityJwtMongodbApplication in 35.44 seconds (JVM running for 40.246)
2023-04-03 15:33:31,560 INFO com.example.spring.jwt.mongodb.SpringBootSecurityJwtMongodbApplication [main] This is a info message
2023-04-03 15:33:31,560 WARN com.example.spring.jwt.mongodb.SpringBootSecurityJwtMongodbApplication [main] This is a warn message
2023-04-03 15:33:50,558 INFO org.apache.catalina.core.ContainerBase.[Tomcat].[localhost].[/] [http-nio-8080-exec-1] Initializing Spring DispatcherServlet 'dispatcherServlet'
2023-04-03 15:33:51,840 INFO org.mongodb.driver.connection [http-nio-8080-exec-1] Opened connection [connectionId{localValue:3, serverValue:178}] to localhost:27017
2023-04-03 15:34:01,782 INFO com.example.spring.jwt.mongodb.controllers.EmailController [http-nio-8080-exec-1] mail send Successfully.
2023-04-03 15:35:03,240 INFO org.apache.catalina.core.StandardService [RMI TCP Connection(11)-127.0.0.1] Stopping service [Tomcat]
2023-04-03 15:35:03,242 INFO org.apache.catalina.core.ContainerBase.[Tomcat].[localhost].[/] [RMI TCP Connection(11)-127.0.0.1] Destroying Spring FrameworkServlet 'dispatcherServlet'
2023-04-03 15:35:03,252 WARN org.apache.catalina.loader.WebappClassLoaderBase [RMI TCP Connection(11)-127.0.0.1] The web application [ROOT] appears to have started a thread named [BufferPoolPruner-1-thread-1] but has failed to stop it. This is very likely to create a memory leak. Stack trace of thread:
 java.base@17.0.6/jdk.internal.misc.Unsafe.park(Native Method)
 java.base@17.0.6/java.util.concurrent.locks.LockSupport.parkNanos(LockSupport.java:252)
 java.base@17.0.6/java.util.concurrent.locks.AbstractQueuedSynchronizer$ConditionObject.awaitNanos(AbstractQueuedSynchronizer.java:1672)
 java.base@17.0.6/java.util.concurrent.ScheduledThreadPoolExecutor$DelayedWorkQueue.take(ScheduledThreadPoolExecutor.java:1182)
 java.base@17.0.6/java.util.concurrent.ScheduledThreadPoolExecutor$DelayedWorkQueue.take(ScheduledThreadPoolExecutor.java:899)
 java.base@17.0.6/java.util.concurrent.ThreadPoolExecutor.getTask(ThreadPoolExecutor.java:1062)
 java.base@17.0.6/java.util.concurrent.ThreadPoolExecutor.runWorker(ThreadPoolExecutor.java:1122)
 java.base@17.0.6/java.util.concurrent.ThreadPoolExecutor$Worker.run(ThreadPoolExecutor.java:635)
 java.base@17.0.6/java.lang.Thread.run(Thread.java:833)
2023-04-03 15:35:03,253 WARN org.apache.catalina.loader.WebappClassLoaderBase [RMI TCP Connection(11)-127.0.0.1] The web application [ROOT] appears to have started a thread named [cluster-ClusterId{value='642aa462ae013c51f5767c99', description='null'}-localhost:27017] but has failed to stop it. This is very likely to create a memory leak. Stack trace of thread:
 java.base@17.0.6/jdk.internal.misc.Unsafe.park(Native Method)
 java.base@17.0.6/java.util.concurrent.locks.LockSupport.parkNanos(LockSupport.java:252)
 java.base@17.0.6/java.util.concurrent.locks.AbstractQueuedSynchronizer$ConditionObject.awaitNanos(AbstractQueuedSynchronizer.java:1672)
 app//com.mongodb.internal.connection.DefaultServerMonitor$ServerMonitorRunnable.waitForSignalOrTimeout(DefaultServerMonitor.java:300)
 app//com.mongodb.internal.connection.DefaultServerMonitor$ServerMonitorRunnable.waitForNext(DefaultServerMonitor.java:281)
 app//com.mongodb.internal.connection.DefaultServerMonitor$ServerMonitorRunnable.run(DefaultServerMonitor.java:179)
 java.base@17.0.6/java.lang.Thread.run(Thread.java:833)
2023-04-03 15:35:03,254 WARN org.apache.catalina.loader.WebappClassLoaderBase [RMI TCP Connection(11)-127.0.0.1] The web application [ROOT] appears to have started a thread named [cluster-rtt-ClusterId{value='642aa462ae013c51f5767c99', description='null'}-localhost:27017] but has failed to stop it. This is very likely to create a memory leak. Stack trace of thread:
 java.base@17.0.6/java.lang.Thread.sleep(Native Method)
 app//com.mongodb.internal.connection.DefaultServerMonitor.waitForNext(DefaultServerMonitor.java:443)
 app//com.mongodb.internal.connection.DefaultServerMonitor.access$1500(DefaultServerMonitor.java:64)
 app//com.mongodb.internal.connection.DefaultServerMonitor$RoundTripTimeRunnable.run(DefaultServerMonitor.java:415)
 java.base@17.0.6/java.lang.Thread.run(Thread.java:833)
2023-04-03 15:35:03,255 WARN org.apache.catalina.loader.WebappClassLoaderBase [RMI TCP Connection(11)-127.0.0.1] The web application [ROOT] appears to have started a thread named [MaintenanceTimer-2-thread-1] but has failed to stop it. This is very likely to create a memory leak. Stack trace of thread:
 java.base@17.0.6/jdk.internal.misc.Unsafe.park(Native Method)
 java.base@17.0.6/java.util.concurrent.locks.LockSupport.parkNanos(LockSupport.java:252)
 java.base@17.0.6/java.util.concurrent.locks.AbstractQueuedSynchronizer$ConditionObject.awaitNanos(AbstractQueuedSynchronizer.java:1672)
 java.base@17.0.6/java.util.concurrent.ScheduledThreadPoolExecutor$DelayedWorkQueue.take(ScheduledThreadPoolExecutor.java:1182)
 java.base@17.0.6/java.util.concurrent.ScheduledThreadPoolExecutor$DelayedWorkQueue.take(ScheduledThreadPoolExecutor.java:899)
 java.base@17.0.6/java.util.concurrent.ThreadPoolExecutor.getTask(ThreadPoolExecutor.java:1062)
 java.base@17.0.6/java.util.concurrent.ThreadPoolExecutor.runWorker(ThreadPoolExecutor.java:1122)
 java.base@17.0.6/java.util.concurrent.ThreadPoolExecutor$Worker.run(ThreadPoolExecutor.java:635)
 java.base@17.0.6/java.lang.Thread.run(Thread.java:833)
